2017-11-10 15:38 +08:00: 手机号未组成
2017-11-10 15:38 +08:00: Error: {"code":1,"errmsg":"手机号未组成"}
    at IncomingMessage.<anonymous> (/Users/bingbing/Poem/PoemServer/utils/httputil.js:34:26)
    at emitNone (events.js:91:20)
    at IncomingMessage.emit (events.js:185:7)
    at endReadableNT (_stream_readable.js:974:12)
    at _combinedTickCallback (internal/process/next_tick.js:74:11)
    at process._tickDomainCallback (internal/process/next_tick.js:122:9)
2017-11-10 16:09 +08:00: 密码错误
2017-11-10 16:10 +08:00: Error: 获取用户pushid失败
    at /Users/bingbing/Poem/PoemServer/push/jpush.js:109:24
    at Query._callback (/Users/bingbing/Poem/PoemServer/dao/messageDao.js:22:17)
    at Query.Sequence.end (/Users/bingbing/Poem/PoemServer/node_modules/mysql/lib/protocol/sequences/Sequence.js:88:24)
    at Query._handleFinalResultPacket (/Users/bingbing/Poem/PoemServer/node_modules/mysql/lib/protocol/sequences/Query.js:139:8)
    at Query.EofPacket (/Users/bingbing/Poem/PoemServer/node_modules/mysql/lib/protocol/sequences/Query.js:123:8)
    at Protocol._parsePacket (/Users/bingbing/Poem/PoemServer/node_modules/mysql/lib/protocol/Protocol.js:279:23)
    at Parser.write (/Users/bingbing/Poem/PoemServer/node_modules/mysql/lib/protocol/Parser.js:76:12)
    at Protocol.write (/Users/bingbing/Poem/PoemServer/node_modules/mysql/lib/protocol/Protocol.js:39:16)
    at Socket.<anonymous> (/Users/bingbing/Poem/PoemServer/node_modules/mysql/lib/Connection.js:103:28)
    at emitOne (events.js:96:13)
